0 info it worked if it ends with ok
1 verbose cli [ '/home/ec2-user/.nvm/versions/node/v6.12.3/bin/node',
1 verbose cli   '/home/ec2-user/.nvm/versions/node/v6.12.3/bin/npm',
1 verbose cli   'run',
1 verbose cli   'deploy' ]
2 info using npm@3.10.10
3 info using node@v6.12.3
4 verbose run-script [ 'predeploy', 'deploy', 'postdeploy' ]
5 info lifecycle cfn-vpc-interface@1.0.3~predeploy: cfn-vpc-interface@1.0.3
6 silly lifecycle cfn-vpc-interface@1.0.3~predeploy: no script for predeploy, continuing
7 info lifecycle cfn-vpc-interface@1.0.3~deploy: cfn-vpc-interface@1.0.3
8 verbose lifecycle cfn-vpc-interface@1.0.3~deploy: unsafe-perm in lifecycle true
9 verbose lifecycle cfn-vpc-interface@1.0.3~deploy: PATH: /home/ec2-user/.nvm/versions/node/v6.12.3/lib/node_modules/npm/bin/node-gyp-bin:/home/ec2-user/environment/cfn-kinesis-vpc-interface/node_modules/.bin:/home/ec2-user/.nvm/versions/node/v6.12.3/bin:/usr/local/rvm/gems/ruby-2.4.1/bin:/usr/local/rvm/gems/ruby-2.4.1@global/bin:/usr/local/rvm/rubies/ruby-2.4.1/bin:/usr/local/bin:/bin:/usr/bin:/home/ec2-user/.local/bin:/home/ec2-user/bin:/usr/local/sbin:/usr/sbin:/sbin:/opt/aws/bin:/usr/local/rvm/bin:/home/ec2-user/.local/bin:/home/ec2-user/bin:/home/ec2-user/.local/bin:/home/ec2-user/bin
10 verbose lifecycle cfn-vpc-interface@1.0.3~deploy: CWD: /home/ec2-user/environment/cfn-kinesis-vpc-interface
11 silly lifecycle cfn-vpc-interface@1.0.3~deploy: Args: [ '-c',
11 silly lifecycle   'node ./node_modules/cfn-lambda/deploy.js --regions us-east-1 --logs --public' ]
12 silly lifecycle cfn-vpc-interface@1.0.3~deploy: Returned: code: 1  signal: null
13 info lifecycle cfn-vpc-interface@1.0.3~deploy: Failed to exec deploy script
14 verbose stack Error: cfn-vpc-interface@1.0.3 deploy: `node ./node_modules/cfn-lambda/deploy.js --regions us-east-1 --logs --public`
14 verbose stack Exit status 1
14 verbose stack     at EventEmitter.<anonymous> (/home/ec2-user/.nvm/versions/node/v6.12.3/lib/node_modules/npm/lib/utils/lifecycle.js:255:16)
14 verbose stack     at emitTwo (events.js:106:13)
14 verbose stack     at EventEmitter.emit (events.js:191:7)
14 verbose stack     at ChildProcess.<anonymous> (/home/ec2-user/.nvm/versions/node/v6.12.3/lib/node_modules/npm/lib/utils/spawn.js:40:14)
14 verbose stack     at emitTwo (events.js:106:13)
14 verbose stack     at ChildProcess.emit (events.js:191:7)
14 verbose stack     at maybeClose (internal/child_process.js:920:16)
14 verbose stack     at Process.ChildProcess._handle.onexit (internal/child_process.js:230:5)
15 verbose pkgid cfn-vpc-interface@1.0.3
16 verbose cwd /home/ec2-user/environment/cfn-kinesis-vpc-interface
17 error Linux 4.9.70-25.242.amzn1.x86_64
18 error argv "/home/ec2-user/.nvm/versions/node/v6.12.3/bin/node" "/home/ec2-user/.nvm/versions/node/v6.12.3/bin/npm" "run" "deploy"
19 error node v6.12.3
20 error npm  v3.10.10
21 error code ELIFECYCLE
22 error cfn-vpc-interface@1.0.3 deploy: `node ./node_modules/cfn-lambda/deploy.js --regions us-east-1 --logs --public`
22 error Exit status 1
23 error Failed at the cfn-vpc-interface@1.0.3 deploy script 'node ./node_modules/cfn-lambda/deploy.js --regions us-east-1 --logs --public'.
23 error Make sure you have the latest version of node.js and npm installed.
23 error If you do, this is most likely a problem with the cfn-vpc-interface package,
23 error not with npm itself.
23 error Tell the author that this fails on your system:
23 error     node ./node_modules/cfn-lambda/deploy.js --regions us-east-1 --logs --public
23 error You can get information on how to open an issue for this project with:
23 error     npm bugs cfn-vpc-interface
23 error Or if that isn't available, you can get their info via:
23 error     npm owner ls cfn-vpc-interface
23 error There is likely additional logging output above.
24 verbose exit [ 1, true ]
